/Users/danilotedesco/Documents/tedesco/latin-audio-flashcards-full/backend/venv/lib/python3.12/site-packages/pydub/utils.py:170: RuntimeWarning: Couldn't find ffmpeg or avconv - defaulting to ffmpeg, but may not work
  warn("Couldn't find ffmpeg or avconv - defaulting to ffmpeg, but may not work", RuntimeWarning)
 * Serving Flask app 'app'
 * Debug mode: on
[31m[1mWARNING: This is a development server. Do not use it in a production deployment. Use a production WSGI server instead.[0m
 * Running on all addresses (0.0.0.0)
 * Running on http://127.0.0.1:5000
 * Running on http://192.0.0.1:5000
[33mPress CTRL+C to quit[0m
 * Restarting with stat
/Users/danilotedesco/Documents/tedesco/latin-audio-flashcards-full/backend/venv/lib/python3.12/site-packages/pydub/utils.py:170: RuntimeWarning: Couldn't find ffmpeg or avconv - defaulting to ffmpeg, but may not work
  warn("Couldn't find ffmpeg or avconv - defaulting to ffmpeg, but may not work", RuntimeWarning)
 * Debugger is active!
 * Debugger PIN: 136-313-710
Traceback (most recent call last):
  File "/Users/danilotedesco/Documents/tedesco/latin-audio-flashcards-full/backend/app.py", line 239, in <module>
    app.run(debug=True, host='0.0.0.0', port=5000)
  File "/Users/danilotedesco/Documents/tedesco/latin-audio-flashcards-full/backend/venv/lib/python3.12/site-packages/flask/app.py", line 662, in run
    run_simple(t.cast(str, host), port, self, **options)
  File "/Users/danilotedesco/Documents/tedesco/latin-audio-flashcards-full/backend/venv/lib/python3.12/site-packages/werkzeug/serving.py", line 1115, in run_simple
    run_with_reloader(
  File "/Users/danilotedesco/Documents/tedesco/latin-audio-flashcards-full/backend/venv/lib/python3.12/site-packages/werkzeug/_reloader.py", line 453, in run_with_reloader
Fatal Python error: init_sys_streams: can't initialize sys standard streams
Python runtime state: core initialized
OSError: [Errno 9] Bad file descriptor

Current thread 0x0000000106afd600 (most recent call first):
  <no Python frame>
    ensure_echo_on()
  File "/Users/danilotedesco/Documents/tedesco/latin-audio-flashcards-full/backend/venv/lib/python3.12/site-packages/werkzeug/_reloader.py", line 433, in ensure_echo_on
    termios.tcsetattr(sys.stdin, termios.TCSANOW, attributes)
termios.error: (4, 'Interrupted system call')
